<?xml version="1.0" encoding="UTF-8"?>
<!-- Generated by org.testng.reporters.JUnitReportReporter -->
<testsuite hostname="DESKTOP-2LG7EUK" failures="0" tests="2" name="com.example.test.AppTest" time="9.483" errors="0" timestamp="2024-02-28T00:54:42 IST" skipped="0">
  <testcase classname="com.example.test.AppTest" name="test1" time="4.352"/>
  <testcase classname="com.example.test.AppTest" name="multipleWindow" time="5.131"/>
</testsuite> <!-- com.example.test.AppTest -->
